<?xml version="1.0" encoding="UTF-8"?>
<testsuite xmlns:xsi="http://www.w3.org/2001/XMLSchema-instance" xsi:noNamespaceSchemaLocation="https://maven.apache.org/surefire/maven-failsafe-plugin/xsd/failsafe-test-report-3.0.xsd" version="3.0" name="com.gonanoio.redis.controller.HashControllerIT" time="14.131" tests="3" errors="0" skipped="0" failures="0">
  <properties>
[...]
</properties>
  <testcase name="shouldSaveQuote" classname="com.gonanoio.redis.controller.HashControllerIT" time="0.416">
    <system-out><![CDATA[21:33:31.483 [main] INFO  o.s.b.t.c.SpringBootTestContextBootstrapper - Found @SpringBootConfiguration com.gonanoio.redis.RedisApplication for test class com.gonanoio.redis.controller.HashControllerIT

  .   ____          _            __ _ _
 /\\ / ___'_ __ _ _(_)_ __  __ _ \ \ \ \
( ( )\___ | '_ | '_| | '_ \/ _` | \ \ \ \
 \\/  ___)| |_)| | | | | || (_| |  ) ) ) )
  '  |____| .__|_| |_|_| |_\__, | / / / /
 =========|_|==============|___/=/_/_/_/
 :: Spring Boot ::                (v3.2.1)

21:33:31.623 [background-preinit] INFO  o.h.validator.internal.util.Version - HV000001: Hibernate Validator 8.0.1.Final
21:33:31.648 [main] INFO  o.testcontainers.images.PullPolicy - Image pull policy will be performed by: DefaultPullPolicy()
21:33:31.649 [main] INFO  o.t.utility.ImageNameSubstitutor - Image name substitution will be performed by: DefaultImageNameSubstitutor (composite of 'ConfigurationFileImageNameSubstitutor' and 'PrefixingImageNameSubstitutor')
21:33:31.758 [main] INFO  o.t.d.DockerClientProviderStrategy - Loaded org.testcontainers.dockerclient.UnixSocketClientProviderStrategy from ~/.testcontainers.properties, will try it first
21:33:31.858 [main] INFO  o.t.d.DockerClientProviderStrategy - Found Docker environment with local Unix socket (unix:///var/run/docker.sock)
21:33:31.858 [main] INFO  o.testcontainers.DockerClientFactory - Docker host IP address is localhost
21:33:31.870 [main] INFO  o.testcontainers.DockerClientFactory - Connected to docker: 
  Server Version: 24.0.6
  API Version: 1.43
  Operating System: Docker Desktop
  Total Memory: 7844 MB
21:33:31.879 [main] INFO  tc.testcontainers/ryuk:0.5.1 - Creating container for image: testcontainers/ryuk:0.5.1
21:33:31.932 [main] INFO  o.t.utility.RegistryAuthLocator - Credential helper/store (docker-credential-desktop) does not have credentials for https://index.docker.io/v1/
21:33:31.978 [main] INFO  tc.testcontainers/ryuk:0.5.1 - Container testcontainers/ryuk:0.5.1 is starting: 2b637b13c19743c186816b44c3d8838d078edbe469200d374209cab6defec6b9
21:33:32.159 [main] INFO  tc.testcontainers/ryuk:0.5.1 - Container testcontainers/ryuk:0.5.1 started in PT0.279925S
21:33:32.163 [main] INFO  o.t.utility.RyukResourceReaper - Ryuk started - will monitor and terminate Testcontainers containers on JVM exit
21:33:32.163 [main] INFO  o.testcontainers.DockerClientFactory - Checking the system...
21:33:32.163 [main] INFO  o.testcontainers.DockerClientFactory - ✔︎ Docker server version should be at least 1.6.0
21:33:32.163 [main] INFO  tc.grokzen/redis-cluster:6.0.7 - Creating container for image: grokzen/redis-cluster:6.0.7
21:33:32.178 [main] INFO  tc.grokzen/redis-cluster:6.0.7 - Container grokzen/redis-cluster:6.0.7 is starting: af191307acf6803f8743192e58c217722cd122762564b518dcc53af4a9925fc2
21:33:32.306 [main] WARN  tc.grokzen/redis-cluster:6.0.7 - The architecture 'amd64' for image 'grokzen/redis-cluster:6.0.7' (ID sha256:9938d770c9d0b3d96a5d33069d2eb802be69cebcebef9340499c583143da4985) does not match the Docker server architecture 'arm64'. This will cause the container to execute much more slowly due to emulation and may lead to timeout failures.
21:33:33.973 [main] INFO  tc.grokzen/redis-cluster:6.0.7 - Container grokzen/redis-cluster:6.0.7 started in PT1.810218S
21:33:33.977 [main] INFO  c.g.r.controller.HashControllerIT - Starting HashControllerIT using Java 17.0.7 with PID 27500 (started by shawn in /Users/shawn/src/redis-cluster-test-app)
21:33:33.977 [main] INFO  c.g.r.controller.HashControllerIT - The following 1 profile is active: "test"
21:33:34.215 [main] INFO  o.s.d.r.c.RepositoryConfigurationDelegate - Multiple Spring Data modules found, entering strict repository configuration mode
21:33:34.216 [main] INFO  o.s.d.r.c.RepositoryConfigurationDelegate - Bootstrapping Spring Data Redis repositories in DEFAULT mode.
21:33:34.226 [main] INFO  o.s.d.r.c.RepositoryConfigurationDelegate - Finished Spring Data repository scanning in 5 ms. Found 0 Redis repository interfaces.
21:33:34.687 [main] INFO  o.s.b.t.m.w.SpringBootMockServletContext - Initializing Spring TestDispatcherServlet ''
21:33:34.687 [main] INFO  o.s.t.w.s.TestDispatcherServlet - Initializing Servlet ''
21:33:34.687 [main] INFO  o.s.t.w.s.TestDispatcherServlet - Completed initialization in 0 ms
21:33:34.697 [main] INFO  c.g.r.controller.HashControllerIT - Started HashControllerIT in 3.158 seconds (process running for 3.561)
21:33:44.699 [main] INFO  c.g.redis.configuration.WebConfig - Preloading Quotes
21:33:45.005 [main] INFO  c.g.redis.configuration.WebConfig - Preloading random keys to hash across cluster
21:33:45.027 [main] INFO  c.g.redis.configuration.WebConfig - Preloading complete
]]></system-out>
  </testcase>
  <testcase name="shouldGetQuote" classname="com.gonanoio.redis.controller.HashControllerIT" time="0.012">
    <system-out><![CDATA[
MockHttpServletRequest:
      HTTP Method = GET
      Request URI = /maps/quotes/Bilbo%20Baggins
       Parameters = {}
          Headers = [Content-Type:"application/json;charset=UTF-8"]
             Body = null
    Session Attrs = {}

Handler:
             Type = com.gonanoio.redis.controller.HashController
           Method = com.gonanoio.redis.controller.HashController#getField(String, String)

Async:
    Async started = false
     Async result = null

Resolved Exception:
             Type = null

ModelAndView:
        View name = null
             View = null
            Model = null

FlashMap:
       Attributes = null

MockHttpServletResponse:
           Status = 200
    Error message = null
          Headers = [Content-Type:"application/json"]
     Content type = application/json
             Body = {"name":"Bilbo Baggins","value":"I don't know half of you half as well as I should like; and I like less than half of you half as well as you deserve"}
    Forwarded URL = null
   Redirected URL = null
          Cookies = []
]]></system-out>
  </testcase>
  <testcase name="shouldGetAllQuotes" classname="com.gonanoio.redis.controller.HashControllerIT" time="0.012">
    <system-out><![CDATA[
MockHttpServletRequest:
      HTTP Method = GET
      Request URI = /maps/quotes
       Parameters = {}
          Headers = [Content-Type:"application/json;charset=UTF-8"]
             Body = null
    Session Attrs = {}

Handler:
             Type = com.gonanoio.redis.controller.HashController
           Method = com.gonanoio.redis.controller.HashController#all(String)

Async:
    Async started = false
     Async result = null

Resolved Exception:
             Type = null

ModelAndView:
        View name = null
             View = null
            Model = null

FlashMap:
       Attributes = null

MockHttpServletResponse:
           Status = 200
    Error message = null
          Headers = [Content-Type:"application/json"]
     Content type = application/json
             Body = [{"name":"Frodo Baggins","value":"It's Useless To Meet Revenge With Revenge: It Will Heal Nothing"},{"name":"Samwise Gamgee","value":"There's Some Good In The World, Mr. Frodo."},{"name":"Bilbo Baggins","value":"I don't know half of you half as well as I should like; and I like less than half of you half as well as you deserve"}]
    Forwarded URL = null
   Redirected URL = null
          Cookies = []
]]></system-out>
  </testcase>
</testsuite>